# JRE version: Java(TM) SE Runtime Environment (17.0.4.1+1) (build 17.0.4.1+1-LTS-2)
# Java VM: Java HotSpot(TM) 64-Bit Server VM (17.0.4.1+1-LTS-2, mixed mode, sharing, tiered, compressed oops, compressed class ptrs, g1 gc, windows-amd64)
GC Precious Log:
 CPUs: 8 total, 8 available
 Memory: 8117M
 Large Page Support: Disabled
 NUMA Support: Disabled
 Compressed Oops: Enabled (Zero based)
 Heap Region Size: 4M
 Heap Min Capacity: 8M
 Heap Initial Capacity: 128M
 Heap Max Capacity: 4536M
 Pre-touch: Disabled
 Parallel Workers: 8
 Concurrent Workers: 2
 Concurrent Refinement Workers: 8
 Periodic GC: Disabled
Heap:
 garbage-first heap   total 540672K, used 215759K [0x00000006e4800000, 0x0000000800000000)
  region size 4096K, 1 young (4096K), 1 survivors (4096K)
 Metaspace       used 117365K, committed 118272K, reserved 1155072K
  class space    used 15503K, committed 15936K, reserved 1048576K
GC Heap History (20 events):
Event: 14.364 GC heap after
{Heap after GC invocations=30 (full 0):
 garbage-first heap   total 270336K, used 88600K [0x00000006e4800000, 0x0000000800000000)
  region size 4096K, 1 young (4096K), 1 survivors (4096K)
 Metaspace       used 86301K, committed 86912K, reserved 1130496K
  class space    used 11430K, committed 11712K, reserved 1048576K
}
Event: 17.098 GC heap before
{Heap before GC invocations=30 (full 0):
 garbage-first heap   total 270336K, used 203288K [0x00000006e4800000, 0x0000000800000000)
  region size 4096K, 30 young (122880K), 1 survivors (4096K)
 Metaspace       used 96725K, committed 97344K, reserved 1138688K
  class space    used 12970K, committed 13248K, reserved 1048576K
}
Event: 17.119 GC heap after
{Heap after GC invocations=31 (full 0):
 garbage-first heap   total 270336K, used 102451K [0x00000006e4800000, 0x0000000800000000)
  region size 4096K, 4 young (16384K), 4 survivors (16384K)
 Metaspace       used 96725K, committed 97344K, reserved 1138688K
  class space    used 12970K, committed 13248K, reserved 1048576K
}
Event: 18.067 GC heap before
{Heap before GC invocations=31 (full 0):
 garbage-first heap   total 270336K, used 196659K [0x00000006e4800000, 0x0000000800000000)
  region size 4096K, 27 young (110592K), 4 survivors (16384K)
 Metaspace       used 100849K, committed 101504K, reserved 1138688K
  class space    used 13450K, committed 13760K, reserved 1048576K
}
Event: 18.103 GC heap after
{Heap after GC invocations=32 (full 0):
 garbage-first heap   total 270336K, used 106033K [0x00000006e4800000, 0x0000000800000000)
  region size 4096K, 2 young (8192K), 2 survivors (8192K)
 Metaspace       used 100849K, committed 101504K, reserved 1138688K
  class space    used 13450K, committed 13760K, reserved 1048576K
}
Event: 18.897 GC heap before
{Heap before GC invocations=32 (full 0):
 garbage-first heap   total 270336K, used 204337K [0x00000006e4800000, 0x0000000800000000)
  region size 4096K, 26 young (106496K), 2 survivors (8192K)
 Metaspace       used 103445K, committed 104064K, reserved 1146880K
  class space    used 13762K, committed 14080K, reserved 1048576K
}
Event: 18.908 GC heap after
{Heap after GC invocations=33 (full 0):
 garbage-first heap   total 270336K, used 108133K [0x00000006e4800000, 0x0000000800000000)
  region size 4096K, 2 young (8192K), 2 survivors (8192K)
 Metaspace       used 103445K, committed 104064K, reserved 1146880K
  class space    used 13762K, committed 14080K, reserved 1048576K
}
Event: 19.283 GC heap before
{Heap before GC invocations=33 (full 0):
 garbage-first heap   total 270336K, used 210533K [0x00000006e4800000, 0x0000000800000000)
  region size 4096K, 27 young (110592K), 2 survivors (8192K)
 Metaspace       used 108764K, committed 109504K, reserved 1146880K
  class space    used 14398K, committed 14720K, reserved 1048576K
}
Event: 19.290 GC heap after
{Heap after GC invocations=34 (full 0):
 garbage-first heap   total 270336K, used 109586K [0x00000006e4800000, 0x0000000800000000)
  region size 4096K, 3 young (12288K), 3 survivors (12288K)
 Metaspace       used 108764K, committed 109504K, reserved 1146880K
  class space    used 14398K, committed 14720K, reserved 1048576K
}
Event: 19.913 GC heap before
{Heap before GC invocations=34 (full 0):
 garbage-first heap   total 270336K, used 211986K [0x00000006e4800000, 0x0000000800000000)
  region size 4096K, 29 young (118784K), 3 survivors (12288K)
 Metaspace       used 112512K, committed 113216K, reserved 1146880K
  class space    used 14907K, committed 15232K, reserved 1048576K
}
Event: 19.922 GC heap after
{Heap after GC invocations=35 (full 0):
 garbage-first heap   total 442368K, used 111668K [0x00000006e4800000, 0x0000000800000000)
  region size 4096K, 3 young (12288K), 3 survivors (12288K)
 Metaspace       used 112512K, committed 113216K, reserved 1146880K
  class space    used 14907K, committed 15232K, reserved 1048576K
}
Event: 22.844 GC heap before
{Heap before GC invocations=35 (full 0):
 garbage-first heap   total 442368K, used 369716K [0x00000006e4800000, 0x0000000800000000)
  region size 4096K, 64 young (262144K), 3 survivors (12288K)
 Metaspace       used 115873K, committed 116672K, reserved 1155072K
  class space    used 15341K, committed 15744K, reserved 1048576K
}
Event: 22.955 GC heap after
{Heap after GC invocations=36 (full 0):
 garbage-first heap   total 442368K, used 149083K [0x00000006e4800000, 0x0000000800000000)
  region size 4096K, 8 young (32768K), 8 survivors (32768K)
 Metaspace       used 115873K, committed 116672K, reserved 1155072K
  class space    used 15341K, committed 15744K, reserved 1048576K
}
Event: 24.181 GC heap before
{Heap before GC invocations=36 (full 0):
 garbage-first heap   total 442368K, used 370267K [0x00000006e4800000, 0x0000000800000000)
  region size 4096K, 54 young (221184K), 8 survivors (32768K)
 Metaspace       used 116049K, committed 116864K, reserved 1155072K
  class space    used 15342K, committed 15744K, reserved 1048576K
}
Event: 24.228 GC heap after
{Heap after GC invocations=37 (full 0):
 garbage-first heap   total 442368K, used 178922K [0x00000006e4800000, 0x0000000800000000)
  region size 4096K, 7 young (28672K), 7 survivors (28672K)
 Metaspace       used 116049K, committed 116864K, reserved 1155072K
  class space    used 15342K, committed 15744K, reserved 1048576K
}
Event: 25.713 GC heap before
{Heap before GC invocations=37 (full 0):
 garbage-first heap   total 442368K, used 269034K [0x00000006e4800000, 0x0000000800000000)
  region size 4096K, 13 young (53248K), 7 survivors (28672K)
 Metaspace       used 117295K, committed 118080K, reserved 1155072K
  class space    used 15498K, committed 15872K, reserved 1048576K
}
Event: 25.816 GC heap after
{Heap after GC invocations=38 (full 0):
 garbage-first heap   total 442368K, used 218664K [0x00000006e4800000, 0x0000000800000000)
  region size 4096K, 2 young (8192K), 2 survivors (8192K)
 Metaspace       used 117295K, committed 118080K, reserved 1155072K
  class space    used 15498K, committed 15872K, reserved 1048576K
}
Event: 25.919 GC heap before
{Heap before GC invocations=38 (full 0):
 garbage-first heap   total 442368K, used 251432K [0x00000006e4800000, 0x0000000800000000)
  region size 4096K, 3 young (12288K), 2 survivors (8192K)
 Metaspace       used 117295K, committed 118080K, reserved 1155072K
  class space    used 15498K, committed 15872K, reserved 1048576K
}
Event: 25.966 GC heap after
{Heap after GC invocations=39 (full 0):
 garbage-first heap   total 442368K, used 248709K [0x00000006e4800000, 0x0000000800000000)
  region size 4096K, 1 young (4096K), 1 survivors (4096K)
 Metaspace       used 117295K, committed 118080K, reserved 1155072K
  class space    used 15498K, committed 15872K, reserved 1048576K
}
Event: 33.815 GC heap before
{Heap before GC invocations=39 (full 0):
 garbage-first heap   total 540672K, used 523141K [0x00000006e4800000, 0x0000000800000000)
  region size 4096K, 7 young (28672K), 1 survivors (4096K)
 Metaspace       used 117365K, committed 118272K, reserved 1155072K
  class space    used 15503K, committed 15936K, reserved 1048576K
}

